<?xml version="1.0" encoding="UTF-8"?>
<!-- Generated by org.testng.reporters.JUnitReportReporter -->
<testsuite hostname="IjasBincy" failures="0" tests="1" name="TestCases.QaLegend_TestCases" time="6.468" errors="0" timestamp="2024-06-23T12:54:38 IST" skipped="0">
  <testcase classname="TestCases.QaLegend_TestCases" name="addEditNotes" time="6.468"/>
</testsuite> <!-- TestCases.QaLegend_TestCases -->
