<?xml version="1.0" encoding="UTF-8"?>
<!-- Generated by org.testng.reporters.JUnitReportReporter -->
<testsuite hostname="IjasBincy" failures="0" tests="1" name="TestCases.QaLegend_TestCases" time="9.542" errors="0" timestamp="2024-07-01T22:18:43 IST" skipped="0">
  <testcase classname="TestCases.QaLegend_TestCases" name="additems" time="9.542"/>
</testsuite> <!-- TestCases.QaLegend_TestCases -->
