<?xml version="1.0" encoding="UTF-8"?>
<!-- Generated by org.testng.reporters.JUnitReportReporter -->
<testsuite hostname="IjasBincy" failures="0" tests="6" name="TestCases.QaLegend_TestCases" time="0.023" errors="0" timestamp="2024-07-18T20:34:55 IST" skipped="6">
  <testcase classname="TestCases.QaLegend_TestCases" name="addEditNotes" time="0.001">
    <skipped/>
  </testcase> <!-- addEditNotes -->
  <system-out/>
  <testcase classname="TestCases.QaLegend_TestCases" name="addEditNotes" time="0.003">
    <skipped/>
  </testcase> <!-- addEditNotes -->
  <system-out/>
  <testcase classname="TestCases.QaLegend_TestCases" name="addEditNotes" time="0.008">
    <skipped/>
  </testcase> <!-- addEditNotes -->
  <system-out/>
  <testcase classname="TestCases.QaLegend_TestCases" name="composeMessage" time="0.008">
    <skipped/>
  </testcase> <!-- composeMessage -->
  <system-out/>
  <testcase classname="TestCases.QaLegend_TestCases" name="composeMessage" time="0.001">
    <skipped/>
  </testcase> <!-- composeMessage -->
  <system-out/>
  <testcase classname="TestCases.QaLegend_TestCases" name="composeMessage" time="0.002">
    <skipped/>
  </testcase> <!-- composeMessage -->
  <system-out/>
</testsuite> <!-- TestCases.QaLegend_TestCases -->
