<?xml version="1.0" encoding="UTF-8"?>
<!-- Generated by org.testng.reporters.JUnitReportReporter -->
<testsuite hostname="IjasBincy" failures="0" tests="1" name="TestCases.QaLegend_TestCases" time="8.552" errors="0" timestamp="2024-06-24T16:20:50 IST" skipped="0">
  <testcase classname="TestCases.QaLegend_TestCases" name="addEditNotes" time="8.552"/>
</testsuite> <!-- TestCases.QaLegend_TestCases -->
