<?xml version="1.0" encoding="UTF-8"?>
<!-- Generated by org.testng.reporters.JUnitReportReporter -->
<testsuite hostname="IjasBincy" failures="0" tests="1" name="TestCases.QaLegend_TestCases" time="7.406" errors="0" timestamp="2024-07-04T22:19:58 IST" skipped="0">
  <testcase classname="TestCases.QaLegend_TestCases" name="forgotpasswordlink" time="7.406"/>
</testsuite> <!-- TestCases.QaLegend_TestCases -->
